2024-04-11T09:10:32.649 DEBUG C:\Users\Admin\Dev\createDocs\server\index.ts:59 Server has been started on port 7777

2024-04-11T09:25:46.747 DEBUG C:\Users\Admin\Dev\createDocs\server\index.ts:59 Server has been started on port 3000

2024-04-11T09:29:02.280 DEBUG C:\Users\Admin\Dev\createDocs\server\index.ts:59 Server has been started on port 3000

2024-04-12T15:49:15.659 DEBUG C:\Users\Admin\Dev\createDocs\server\index.ts:28 Server has been started on port 3000

2024-04-12T15:49:55.735 DEBUG C:\Users\Admin\Dev\createDocs\server\index.ts:28 Server has been started on port 3000

2024-04-12T15:50:13.519 DEBUG C:\Users\Admin\Dev\createDocs\server\index.ts:28 Server has been started on port 3000

2024-04-12T15:50:53.312 DEBUG C:\Users\Admin\Dev\createDocs\server\index.ts:28 Server has been started on port 3000

2024-04-15T15:46:28.146 DEBUG C:\Users\Admin\Dev\createDocs\server\index.ts:28 Server has been started on port 3000

2024-04-16T16:13:32.240 DEBUG C:\Users\Admin\Dev\createDocs\server\index.ts:28 Server has been started on port 3000

2024-04-16T16:16:24.657 DEBUG C:\Users\Admin\Dev\createDocs\server\index.ts:28 Server has been started on port 3000

2024-04-16T16:19:37.622 DEBUG C:\Users\Admin\Dev\createDocs\server\index.ts:28 Server has been started on port 3000

2024-04-16T16:19:44.900 DEBUG C:\Users\Admin\Dev\createDocs\server\index.ts:28 Server has been started on port 3000

2024-04-16T16:23:42.587 DEBUG C:\Users\Admin\Dev\createDocs\server\index.ts:28 Server has been started on port 3000

2024-04-19T08:18:59.024 DEBUG C:\Users\Admin\Dev\createDocs\server\index.ts:28 Server has been started on port 3000

2024-04-19T08:21:18.946 DEBUG C:\Users\Admin\Dev\createDocs\server\index.ts:28 Server has been started on port 3000

2024-04-19T08:21:46.044 DEBUG C:\Users\Admin\Dev\createDocs\server\index.ts:28 Server has been started on port 3000

2024-04-19T08:22:04.504 DEBUG C:\Users\Admin\Dev\createDocs\server\index.ts:28 Server has been started on port 3000

2024-04-19T08:22:39.754 DEBUG C:\Users\Admin\Dev\createDocs\server\index.ts:28 Server has been started on port 3000

2024-04-19T08:31:22.700 DEBUG C:\Users\Admin\Dev\createDocs\server\index.ts:28 Server has been started on port 3000

2024-04-19T08:32:17.944 DEBUG C:\Users\Admin\Dev\createDocs\server\index.ts:28 Server has been started on port 3000

2024-04-19T08:34:10.946 DEBUG C:\Users\Admin\Dev\createDocs\server\index.ts:28 Server has been started on port 3000

2024-04-19T08:36:28.168 DEBUG C:\Users\Admin\Dev\createDocs\server\index.ts:28 Server has been started on port 3000

2024-04-19T08:37:34.143 DEBUG C:\Users\Admin\Dev\createDocs\server\index.ts:28 Server has been started on port 3000

2024-04-19T08:38:33.547 DEBUG C:\Users\Admin\Dev\createDocs\server\index.ts:28 Server has been started on port 3000

2024-04-19T08:41:21.019 DEBUG C:\Users\Admin\Dev\createDocs\server\index.ts:28 Server has been started on port 3000

2024-04-19T08:42:14.333 DEBUG C:\Users\Admin\Dev\createDocs\server\index.ts:28 Server has been started on port 3000

2024-04-19T08:55:27.639 DEBUG C:\Users\Admin\Dev\createDocs\server\index.ts:28 Server has been started on port 3000

2024-04-19T09:30:11.004 DEBUG C:\Users\Admin\Dev\createDocs\server\index.ts:28 Server has been started on port 3000

2024-04-19T09:31:01.822 DEBUG C:\Users\Admin\Dev\createDocs\server\index.ts:28 Server has been started on port 3000

2024-04-19T09:36:10.382 DEBUG C:\Users\Admin\Dev\createDocs\server\index.ts:28 Server has been started on port 3000

2024-04-19T09:37:32.671 DEBUG C:\Users\Admin\Dev\createDocs\server\index.ts:28 Server has been started on port 3000

2024-04-19T09:40:08.549 DEBUG C:\Users\Admin\Dev\createDocs\server\index.ts:28 Server has been started on port 3000

2024-04-19T09:41:22.388 DEBUG C:\Users\Admin\Dev\createDocs\server\index.ts:28 Server has been started on port 3000

2024-04-19T09:42:07.070 DEBUG C:\Users\Admin\Dev\createDocs\server\index.ts:28 Server has been started on port 3000

2024-04-19T09:44:17.832 DEBUG C:\Users\Admin\Dev\createDocs\server\index.ts:28 Server has been started on port 3000

2024-04-19T09:45:39.522 DEBUG C:\Users\Admin\Dev\createDocs\server\index.ts:28 Server has been started on port 3000

2024-04-19T09:46:33.930 DEBUG C:\Users\Admin\Dev\createDocs\server\index.ts:28 Server has been started on port 3000

2024-04-19T09:47:54.736 DEBUG C:\Users\Admin\Dev\createDocs\server\index.ts:28 Server has been started on port 3000

2024-04-19T09:52:49.783 DEBUG C:\Users\Admin\Dev\createDocs\server\index.ts:28 Server has been started on port 3000

2024-04-19T09:53:03.333 DEBUG C:\Users\Admin\Dev\createDocs\server\index.ts:28 Server has been started on port 3000

2024-04-19T09:53:41.157 DEBUG C:\Users\Admin\Dev\createDocs\server\index.ts:28 Server has been started on port 3000

2024-04-19T09:55:32.563 DEBUG C:\Users\Admin\Dev\createDocs\server\index.ts:28 Server has been started on port 3000

2024-04-19T10:12:07.950 DEBUG C:\Users\Admin\Dev\createDocs\server\index.ts:28 Server has been started on port 3000

2024-04-19T10:12:27.125 DEBUG C:\Users\Admin\Dev\createDocs\server\index.ts:28 Server has been started on port 3000

2024-04-19T10:13:25.510 DEBUG C:\Users\Admin\Dev\createDocs\server\index.ts:28 Server has been started on port 3000

2024-04-19T10:20:42.100 DEBUG C:\Users\Admin\Dev\createDocs\server\index.ts:28 Server has been started on port 3000

2024-04-19T10:25:16.320 DEBUG C:\Users\Admin\Dev\createDocs\server\index.ts:28 Server has been started on port 3000

2024-04-19T10:27:11.475 DEBUG C:\Users\Admin\Dev\createDocs\server\index.ts:28 Server has been started on port 3000

2024-04-19T10:30:34.964 DEBUG C:\Users\Admin\Dev\createDocs\server\index.ts:28 Server has been started on port 3000

2024-04-19T11:38:22.635 DEBUG C:\Users\Admin\Dev\createDocs\server\index.ts:28 Server has been started on port 3000

2024-04-19T11:39:25.482 DEBUG C:\Users\Admin\Dev\createDocs\server\index.ts:28 Server has been started on port 3000

2024-04-19T11:40:18.666 DEBUG C:\Users\Admin\Dev\createDocs\server\index.ts:28 Server has been started on port 3000

2024-04-19T12:31:37.071 DEBUG C:\Users\Admin\Dev\createDocs\server\index.ts:28 Server has been started on port 3000

2024-04-19T12:31:49.340 DEBUG C:\Users\Admin\Dev\createDocs\server\index.ts:28 Server has been started on port 3000

2024-04-19T12:32:54.842 DEBUG C:\Users\Admin\Dev\createDocs\server\index.ts:28 Server has been started on port 3000

2024-04-19T12:38:21.047 DEBUG C:\Users\Admin\Dev\createDocs\server\index.ts:28 Server has been started on port 3000

2024-04-19T12:39:12.645 DEBUG C:\Users\Admin\Dev\createDocs\server\index.ts:28 Server has been started on port 3000

2024-04-19T12:39:28.894 DEBUG C:\Users\Admin\Dev\createDocs\server\index.ts:28 Server has been started on port 3000

2024-04-19T12:40:29.543 DEBUG C:\Users\Admin\Dev\createDocs\server\index.ts:28 Server has been started on port 3000

2024-04-19T12:41:07.484 DEBUG C:\Users\Admin\Dev\createDocs\server\index.ts:28 Server has been started on port 3000

2024-04-19T12:44:32.001 DEBUG C:\Users\Admin\Dev\createDocs\server\index.ts:28 Server has been started on port 3000

2024-04-19T12:46:05.190 DEBUG C:\Users\Admin\Dev\createDocs\server\index.ts:28 Server has been started on port 3000

2024-04-19T12:47:27.198 DEBUG C:\Users\Admin\Dev\createDocs\server\index.ts:28 Server has been started on port 3000

2024-04-19T12:51:35.253 DEBUG C:\Users\Admin\Dev\createDocs\server\index.ts:28 Server has been started on port 3000

2024-04-19T13:14:02.027 DEBUG C:\Users\Admin\Dev\createDocs\server\index.ts:28 Server has been started on port 3000

2024-04-19T13:15:08.373 DEBUG C:\Users\Admin\Dev\createDocs\server\index.ts:28 Server has been started on port 3000

2024-04-19T13:20:54.110 DEBUG C:\Users\Admin\Dev\createDocs\server\index.ts:28 Server has been started on port 3000

2024-04-19T13:23:27.035 DEBUG C:\Users\Admin\Dev\createDocs\server\index.ts:28 Server has been started on port 3000

2024-04-19T13:24:58.281 DEBUG C:\Users\Admin\Dev\createDocs\server\index.ts:28 Server has been started on port 3000

2024-04-19T13:25:50.534 DEBUG C:\Users\Admin\Dev\createDocs\server\index.ts:28 Server has been started on port 3000

2024-04-19T13:29:04.080 DEBUG C:\Users\Admin\Dev\createDocs\server\index.ts:28 Server has been started on port 3000

2024-04-19T13:30:12.980 DEBUG C:\Users\Admin\Dev\createDocs\server\index.ts:28 Server has been started on port 3000

2024-04-19T13:34:22.922 DEBUG C:\Users\Admin\Dev\createDocs\server\index.ts:28 Server has been started on port 3000

2024-04-19T13:34:43.182 DEBUG C:\Users\Admin\Dev\createDocs\server\index.ts:28 Server has been started on port 3000

2024-04-19T13:36:40.938 DEBUG C:\Users\Admin\Dev\createDocs\server\index.ts:28 Server has been started on port 3000

2024-04-19T13:41:44.675 DEBUG C:\Users\Admin\Dev\createDocs\server\index.ts:28 Server has been started on port 3000

2024-04-19T13:42:38.829 DEBUG C:\Users\Admin\Dev\createDocs\server\index.ts:28 Server has been started on port 3000

2024-04-19T13:56:11.619 DEBUG C:\Users\Admin\Dev\createDocs\server\index.ts:28 Server has been started on port 3000

2024-04-19T13:56:17.307 DEBUG C:\Users\Admin\Dev\createDocs\server\node_modules\archiver\lib\core.js:583 ArchiverError: input source must be valid Stream or Buffer instance
    at Archiver.append (C:\Users\Admin\Dev\createDocs\server\node_modules\archiver\lib\core.js:583:24)
    at C:\Users\Admin\Dev\createDocs\server\archive\archive.ts:19:17
    at Generator.next (<anonymous>)
    at C:\Users\Admin\Dev\createDocs\server\archive\archive.ts:8:71
    at new Promise (<anonymous>)
    at __awaiter (C:\Users\Admin\Dev\createDocs\server\archive\archive.ts:4:12)
    at exports.default (C:\Users\Admin\Dev\createDocs\server\archive\archive.ts:3:111)
    at C:\Users\Admin\Dev\createDocs\server\controllers\createdDocs.ts:38:29
    at Generator.next (<anonymous>)
    at fulfilled (C:\Users\Admin\Dev\createDocs\server\controllers\createdDocs.ts:5:58) {
  code: 'INPUTSTEAMBUFFERREQUIRED',
  data: { name: '1. 2312312  adsf asdf asdf asdfasdf asdfasdf asdf.pdf' }
}

2024-04-19T13:56:17.310 DEBUG C:\Users\Admin\Dev\createDocs\server\archive\archive.ts:23 Error: 
    at C:\Users\Admin\Dev\createDocs\server\archive\archive.ts:23:15
    at Generator.next (<anonymous>)
    at C:\Users\Admin\Dev\createDocs\server\archive\archive.ts:8:71
    at new Promise (<anonymous>)
    at __awaiter (C:\Users\Admin\Dev\createDocs\server\archive\archive.ts:4:12)
    at exports.default (C:\Users\Admin\Dev\createDocs\server\archive\archive.ts:3:111)
    at C:\Users\Admin\Dev\createDocs\server\controllers\createdDocs.ts:38:29
    at Generator.next (<anonymous>)
    at fulfilled (C:\Users\Admin\Dev\createDocs\server\controllers\createdDocs.ts:5:58)
    at processTicksAndRejections (node:internal/process/task_queues:95:5)

2024-04-19T13:57:59.610 DEBUG C:\Users\Admin\Dev\createDocs\server\index.ts:28 Server has been started on port 3000

2024-04-19T13:58:03.953 DEBUG C:\Users\Admin\Dev\createDocs\server\node_modules\archiver\lib\core.js:583 ArchiverError: input source must be valid Stream or Buffer instance
    at Archiver.append (C:\Users\Admin\Dev\createDocs\server\node_modules\archiver\lib\core.js:583:24)
    at C:\Users\Admin\Dev\createDocs\server\archive\archive.ts:19:17
    at Generator.next (<anonymous>)
    at C:\Users\Admin\Dev\createDocs\server\archive\archive.ts:8:71
    at new Promise (<anonymous>)
    at __awaiter (C:\Users\Admin\Dev\createDocs\server\archive\archive.ts:4:12)
    at exports.default (C:\Users\Admin\Dev\createDocs\server\archive\archive.ts:3:111)
    at C:\Users\Admin\Dev\createDocs\server\controllers\createdDocs.ts:39:29
    at Generator.next (<anonymous>)
    at fulfilled (C:\Users\Admin\Dev\createDocs\server\controllers\createdDocs.ts:5:58) {
  code: 'INPUTSTEAMBUFFERREQUIRED',
  data: { name: '1. 2312312  adsf asdf asdf asdfasdf asdfasdf asdf.pdf' }
}

2024-04-19T13:58:03.956 DEBUG C:\Users\Admin\Dev\createDocs\server\archive\archive.ts:23 Error: 
    at C:\Users\Admin\Dev\createDocs\server\archive\archive.ts:23:15
    at Generator.next (<anonymous>)
    at C:\Users\Admin\Dev\createDocs\server\archive\archive.ts:8:71
    at new Promise (<anonymous>)
    at __awaiter (C:\Users\Admin\Dev\createDocs\server\archive\archive.ts:4:12)
    at exports.default (C:\Users\Admin\Dev\createDocs\server\archive\archive.ts:3:111)
    at C:\Users\Admin\Dev\createDocs\server\controllers\createdDocs.ts:39:29
    at Generator.next (<anonymous>)
    at fulfilled (C:\Users\Admin\Dev\createDocs\server\controllers\createdDocs.ts:5:58)
    at processTicksAndRejections (node:internal/process/task_queues:95:5)

2024-04-19T13:59:15.939 DEBUG C:\Users\Admin\Dev\createDocs\server\index.ts:28 Server has been started on port 3000

2024-04-19T14:01:30.424 DEBUG C:\Users\Admin\Dev\createDocs\server\index.ts:28 Server has been started on port 3000

2024-04-19T14:05:37.510 DEBUG C:\Users\Admin\Dev\createDocs\server\index.ts:28 Server has been started on port 3000

2024-04-19T14:11:10.919 DEBUG C:\Users\Admin\Dev\createDocs\server\index.ts:28 Server has been started on port 3000

2024-04-19T14:12:39.434 DEBUG C:\Users\Admin\Dev\createDocs\server\index.ts:28 Server has been started on port 3000

2024-04-19T14:16:24.295 DEBUG C:\Users\Admin\Dev\createDocs\server\index.ts:28 Server has been started on port 3000

2024-04-19T14:16:53.222 DEBUG C:\Users\Admin\Dev\createDocs\server\index.ts:28 Server has been started on port 3000

2024-04-19T14:18:19.200 DEBUG C:\Users\Admin\Dev\createDocs\server\index.ts:28 Server has been started on port 3000

2024-05-15T16:10:34.923 DEBUG C:\Users\Admin\Dev\createDocs\server\index.ts:28 Server has been started on port 3000

2024-05-17T15:14:19.381 DEBUG C:\Users\Admin\Dev\createDocs\server\index.ts:28 Server has been started on port 3000

2024-05-24T10:50:40.104 DEBUG C:\Users\Alexa\Dev\createDocs-main\server\index.ts:28 Server has been started on port 3000

2024-05-24T11:27:38.113 DEBUG C:\Users\Alexa\Dev\createDocs-main\server\index.ts:28 Server has been started on port 3000

2024-05-24T13:38:54.602 DEBUG C:\Users\Alexa\Dev\createDocs-main\server\index.ts:28 Server has been started on port 3000

2024-05-24T15:00:06.036 DEBUG C:\Users\Alexa\Dev\createDocs-main\server\index.ts:28 Server has been started on port 3000

2024-05-24T15:02:36.024 DEBUG C:\Users\Alexa\Dev\createDocs-main\server\index.ts:28 Server has been started on port 3000

2024-05-27T08:34:22.445 DEBUG C:\Users\Admin\Dev\createDocs\server\index.ts:28 Server has been started on port 3000

2024-05-27T12:45:50.643 DEBUG C:\Users\Admin\Dev\createDocs\server\index.ts:28 Server has been started on port 3000

2024-05-28T08:21:45.950 DEBUG C:\Users\Admin\Dev\createDocs\server\index.ts:28 Server has been started on port 3000

2024-06-05T16:01:33.857 DEBUG C:\Users\Admin\Dev\createDocs\server\index.ts:28 Server has been started on port 3000

2024-06-06T08:44:36.469 DEBUG C:\Users\Admin\Dev\createDocs\server\index.ts:28 Server has been started on port 3000

2024-06-13T08:32:23.188 DEBUG C:\Users\Admin\Dev\createDocs\server\index.ts:28 Server has been started on port 3000

2024-06-14T14:56:49.240 DEBUG C:\Users\Admin\Dev\createDocs\server\index.ts:28 Server has been started on port 3000

2024-06-21T09:30:31.826 DEBUG C:\Users\Admin\Dev\createDocs\server\index.ts:28 Server has been started on port 3000

2024-06-21T11:35:08.690 DEBUG C:\Users\Admin\Dev\createDocs\server\index.ts:28 Server has been started on port 3000

2024-06-24T09:24:00.753 DEBUG C:\Users\Admin\Dev\createDocs\server\index.ts:28 Server has been started on port 3000

2024-06-24T13:49:42.026 DEBUG C:\Users\Admin\Dev\createDocs\server\index.ts:28 Server has been started on port 3000

2024-06-25T08:58:49.425 DEBUG C:\Users\Admin\Dev\createDocs\server\index.ts:28 Server has been started on port 3000

2024-06-25T09:18:03.783 DEBUG C:\Users\Admin\Dev\createDocs\server\index.ts:28 Server has been started on port 3000

2024-06-25T09:18:45.068 DEBUG C:\Users\Admin\Dev\createDocs\server\index.ts:28 Server has been started on port 3000

2024-06-25T09:19:42.158 DEBUG C:\Users\Admin\Dev\createDocs\server\index.ts:28 Server has been started on port 3000

2024-06-25T09:19:59.584 DEBUG C:\Users\Admin\Dev\createDocs\server\index.ts:28 Server has been started on port 3000

2024-06-25T09:22:35.284 DEBUG C:\Users\Admin\Dev\createDocs\server\index.ts:28 Server has been started on port 3000

2024-06-25T09:22:42.771 DEBUG C:\Users\Admin\Dev\createDocs\server\index.ts:28 Server has been started on port 3000

2024-06-25T09:23:33.020 DEBUG C:\Users\Admin\Dev\createDocs\server\index.ts:28 Server has been started on port 3000

2024-06-25T09:24:02.332 DEBUG C:\Users\Admin\Dev\createDocs\server\index.ts:28 Server has been started on port 3000

2024-06-25T09:24:29.740 DEBUG C:\Users\Admin\Dev\createDocs\server\index.ts:28 Server has been started on port 3000

2024-06-25T09:24:40.940 DEBUG C:\Users\Admin\Dev\createDocs\server\index.ts:28 Server has been started on port 3000

2024-06-25T09:25:06.176 DEBUG C:\Users\Admin\Dev\createDocs\server\index.ts:28 Server has been started on port 3000

2024-06-25T09:25:34.063 DEBUG C:\Users\Admin\Dev\createDocs\server\index.ts:28 Server has been started on port 3000

2024-06-25T12:39:15.612 DEBUG C:\Users\Admin\Dev\createDocs\server\index.ts:28 Server has been started on port 3003

2024-06-25T12:58:59.356 DEBUG C:\Users\Admin\Dev\createDocs\server\index.ts:28 Server has been started on port 3000

2024-06-26T09:38:29.283 DEBUG C:\Users\Admin\Dev\createDocs\server\index.ts:28 Server has been started on port 3000

2024-06-28T08:21:35.491 DEBUG C:\Users\Admin\Dev\createDocs\server\index.ts:28 Server has been started on port 3000

2024-06-28T16:15:05.104 DEBUG C:\Users\Admin\Dev\createDocs\server\index.ts:28 Server has been started on port 3000

2024-06-28T16:40:45.385 DEBUG C:\Users\Admin\Dev\createDocs\server\index.ts:28 Server has been started on port 3000

2024-06-28T16:41:13.055 DEBUG C:\Users\Admin\Dev\createDocs\server\controllers\createdDocs.ts:27 TypeError: req.body.map is not a function
    at C:\Users\Admin\Dev\createDocs\server\controllers\createdDocs.ts:27:41
    at Generator.next (<anonymous>)
    at C:\Users\Admin\Dev\createDocs\server\controllers\createdDocs.ts:8:71
    at new Promise (<anonymous>)
    at __awaiter (C:\Users\Admin\Dev\createDocs\server\controllers\createdDocs.ts:4:12)
    at created (C:\Users\Admin\Dev\createDocs\server\controllers\createdDocs.ts:23:16)
    at Layer.handle [as handle_request] (C:\Users\Admin\Dev\createDocs\server\node_modules\express\lib\router\layer.js:95:5)
    at next (C:\Users\Admin\Dev\createDocs\server\node_modules\express\lib\router\route.js:149:13)
    at Route.dispatch (C:\Users\Admin\Dev\createDocs\server\node_modules\express\lib\router\route.js:119:3)
    at Layer.handle [as handle_request] (C:\Users\Admin\Dev\createDocs\server\node_modules\express\lib\router\layer.js:95:5)

2024-06-28T16:41:51.568 DEBUG C:\Users\Admin\Dev\createDocs\server\controllers\createdDocs.ts:27 TypeError: req.body.map is not a function
    at C:\Users\Admin\Dev\createDocs\server\controllers\createdDocs.ts:27:41
    at Generator.next (<anonymous>)
    at C:\Users\Admin\Dev\createDocs\server\controllers\createdDocs.ts:8:71
    at new Promise (<anonymous>)
    at __awaiter (C:\Users\Admin\Dev\createDocs\server\controllers\createdDocs.ts:4:12)
    at created (C:\Users\Admin\Dev\createDocs\server\controllers\createdDocs.ts:23:16)
    at Layer.handle [as handle_request] (C:\Users\Admin\Dev\createDocs\server\node_modules\express\lib\router\layer.js:95:5)
    at next (C:\Users\Admin\Dev\createDocs\server\node_modules\express\lib\router\route.js:149:13)
    at Route.dispatch (C:\Users\Admin\Dev\createDocs\server\node_modules\express\lib\router\route.js:119:3)
    at Layer.handle [as handle_request] (C:\Users\Admin\Dev\createDocs\server\node_modules\express\lib\router\layer.js:95:5)

2024-06-28T16:41:52.344 DEBUG C:\Users\Admin\Dev\createDocs\server\controllers\createdDocs.ts:27 TypeError: req.body.map is not a function
    at C:\Users\Admin\Dev\createDocs\server\controllers\createdDocs.ts:27:41
    at Generator.next (<anonymous>)
    at C:\Users\Admin\Dev\createDocs\server\controllers\createdDocs.ts:8:71
    at new Promise (<anonymous>)
    at __awaiter (C:\Users\Admin\Dev\createDocs\server\controllers\createdDocs.ts:4:12)
    at created (C:\Users\Admin\Dev\createDocs\server\controllers\createdDocs.ts:23:16)
    at Layer.handle [as handle_request] (C:\Users\Admin\Dev\createDocs\server\node_modules\express\lib\router\layer.js:95:5)
    at next (C:\Users\Admin\Dev\createDocs\server\node_modules\express\lib\router\route.js:149:13)
    at Route.dispatch (C:\Users\Admin\Dev\createDocs\server\node_modules\express\lib\router\route.js:119:3)
    at Layer.handle [as handle_request] (C:\Users\Admin\Dev\createDocs\server\node_modules\express\lib\router\layer.js:95:5)

2024-06-28T16:41:58.390 DEBUG C:\Users\Admin\Dev\createDocs\server\index.ts:28 Server has been started on port 3000

2024-06-28T16:42:05.074 DEBUG C:\Users\Admin\Dev\createDocs\server\index.ts:28 Server has been started on port 3000

2024-06-28T16:42:06.213 DEBUG C:\Users\Admin\Dev\createDocs\server\controllers\createdDocs.ts:28 TypeError: req.body.map is not a function
    at C:\Users\Admin\Dev\createDocs\server\controllers\createdDocs.ts:28:41
    at Generator.next (<anonymous>)
    at C:\Users\Admin\Dev\createDocs\server\controllers\createdDocs.ts:8:71
    at new Promise (<anonymous>)
    at __awaiter (C:\Users\Admin\Dev\createDocs\server\controllers\createdDocs.ts:4:12)
    at created (C:\Users\Admin\Dev\createDocs\server\controllers\createdDocs.ts:23:16)
    at Layer.handle [as handle_request] (C:\Users\Admin\Dev\createDocs\server\node_modules\express\lib\router\layer.js:95:5)
    at next (C:\Users\Admin\Dev\createDocs\server\node_modules\express\lib\router\route.js:149:13)
    at Route.dispatch (C:\Users\Admin\Dev\createDocs\server\node_modules\express\lib\router\route.js:119:3)
    at Layer.handle [as handle_request] (C:\Users\Admin\Dev\createDocs\server\node_modules\express\lib\router\layer.js:95:5)

2024-06-28T16:42:43.627 DEBUG C:\Users\Admin\Dev\createDocs\server\index.ts:28 Server has been started on port 3000

2024-06-28T16:42:46.119 DEBUG C:\Users\Admin\Dev\createDocs\server\controllers\createdDocs.ts:33 TypeError: Cannot read properties of undefined (reading 'replaceAll')
    at C:\Users\Admin\Dev\createDocs\server\controllers\createdDocs.ts:33:54
    at Generator.next (<anonymous>)
    at C:\Users\Admin\Dev\createDocs\server\controllers\createdDocs.ts:8:71
    at new Promise (<anonymous>)
    at __awaiter (C:\Users\Admin\Dev\createDocs\server\controllers\createdDocs.ts:4:12)
    at created (C:\Users\Admin\Dev\createDocs\server\controllers\createdDocs.ts:23:16)
    at Layer.handle [as handle_request] (C:\Users\Admin\Dev\createDocs\server\node_modules\express\lib\router\layer.js:95:5)
    at next (C:\Users\Admin\Dev\createDocs\server\node_modules\express\lib\router\route.js:149:13)
    at Route.dispatch (C:\Users\Admin\Dev\createDocs\server\node_modules\express\lib\router\route.js:119:3)
    at Layer.handle [as handle_request] (C:\Users\Admin\Dev\createDocs\server\node_modules\express\lib\router\layer.js:95:5)

2024-06-28T16:44:22.867 DEBUG C:\Users\Admin\Dev\createDocs\server\index.ts:28 Server has been started on port 3000

2024-06-28T16:44:24.773 DEBUG C:\Users\Admin\Dev\createDocs\server\controllers\createdDocs.ts:34 TypeError: Cannot read properties of undefined (reading 'replaceAll')
    at C:\Users\Admin\Dev\createDocs\server\controllers\createdDocs.ts:34:54
    at Generator.next (<anonymous>)
    at C:\Users\Admin\Dev\createDocs\server\controllers\createdDocs.ts:8:71
    at new Promise (<anonymous>)
    at __awaiter (C:\Users\Admin\Dev\createDocs\server\controllers\createdDocs.ts:4:12)
    at created (C:\Users\Admin\Dev\createDocs\server\controllers\createdDocs.ts:23:16)
    at Layer.handle [as handle_request] (C:\Users\Admin\Dev\createDocs\server\node_modules\express\lib\router\layer.js:95:5)
    at next (C:\Users\Admin\Dev\createDocs\server\node_modules\express\lib\router\route.js:149:13)
    at Route.dispatch (C:\Users\Admin\Dev\createDocs\server\node_modules\express\lib\router\route.js:119:3)
    at Layer.handle [as handle_request] (C:\Users\Admin\Dev\createDocs\server\node_modules\express\lib\router\layer.js:95:5)

2024-06-28T16:45:31.263 DEBUG C:\Users\Admin\Dev\createDocs\server\index.ts:28 Server has been started on port 3000

2024-06-28T16:52:24.509 DEBUG C:\Users\Admin\Dev\createDocs\server\index.ts:28 Server has been started on port 3000

2024-06-28T16:54:17.923 DEBUG C:\Users\Admin\Dev\createDocs\server\index.ts:28 Server has been started on port 3000

2024-07-09T08:39:33.337 DEBUG C:\Users\Admin\Dev\createDocs\server\index.ts:28 Server has been started on port 3000

2024-07-10T11:51:11.351 DEBUG C:\Users\Admin\Dev\createDocs\server\index.ts:28 Server has been started on port 3000

2024-07-16T14:17:46.220 DEBUG C:\Users\Admin\Dev\createDocs\server\index.ts:28 Server has been started on port 3000

2024-07-17T08:31:04.404 DEBUG C:\Users\Admin\Dev\createDocs\server\index.ts:28 Server has been started on port 3000

2024-07-18T09:56:48.645 DEBUG C:\Users\Admin\Dev\createDocs\server\index.ts:28 Server has been started on port 3000

2024-07-22T10:41:46.950 DEBUG C:\Users\Admin\Dev\createDocs\server\index.ts:28 Server has been started on port 3000

2024-07-22T11:26:49.709 DEBUG C:\Users\Admin\Dev\createDocs\server\index.ts:28 Server has been started on port 3000

2024-07-22T11:27:47.345 DEBUG C:\Users\Admin\Dev\createDocs\server\index.ts:28 Server has been started on port 3000

2024-07-22T11:46:20.689 DEBUG C:\Users\Admin\Dev\createDocs\server\index.ts:28 Server has been started on port 3000

2024-07-22T12:35:06.713 DEBUG C:\Users\Admin\Dev\createDocs\server\index.ts:28 Server has been started on port 3000

2024-07-22T13:26:32.145 DEBUG C:\Users\Admin\Dev\createDocs\server\index.ts:28 Server has been started on port 3000

2024-07-22T14:13:28.285 DEBUG C:\Users\Admin\Dev\createDocs\server\index.ts:28 Server has been started on port 3000

2024-07-23T16:00:19.946 DEBUG C:\Users\Admin\Dev\createDocs\server\index.ts:28 Server has been started on port 3000

2024-07-24T12:02:28.847 DEBUG C:\Users\Admin\Dev\createDocs\server\index.ts:28 Server has been started on port 3000

2024-07-31T08:29:31.973 DEBUG C:\Users\Admin\Dev\createDocs\server\index.ts:28 Server has been started on port 3000

2024-07-31T10:11:36.201 DEBUG C:\Users\Admin\Dev\createDocs\server\index.ts:28 Server has been started on port 3000

2024-08-05T08:04:14.003 DEBUG C:\Users\Admin\Dev\createDocs\server\index.ts:28 Server has been started on port 3000

2024-08-05T16:32:50.369 DEBUG C:\Users\Admin\Dev\createDocs\server\index.ts:28 Server has been started on port 3000

2024-08-06T08:03:14.628 DEBUG C:\Users\Admin\Dev\createDocs\server\index.ts:28 Server has been started on port 3000

2024-08-12T10:16:41.076 DEBUG C:\Users\Admin\Dev\createDocs\server\index.ts:28 Server has been started on port 3000

2024-08-16T16:46:30.831 DEBUG C:\Users\Admin\Dev\createDocs\server\index.ts:28 Server has been started on port 3000

2024-08-20T07:59:01.154 DEBUG C:\Users\Admin\Dev\createDocs\server\index.ts:28 Server has been started on port 3000

2024-08-23T12:18:35.500 DEBUG C:\Users\Admin\Dev\createDocs\server\index.ts:28 Server has been started on port 3000

2024-08-27T08:33:07.190 DEBUG C:\Users\Admin\Dev\createDocs\server\index.ts:28 Server has been started on port 3000

2024-08-29T13:20:19.886 DEBUG C:\Users\Admin\Dev\createDocs\server\index.ts:28 Server has been started on port 3000

2024-09-04T10:48:44.783 DEBUG C:\Users\Admin\Dev\createDocs\server\index.ts:28 Server has been started on port 3000

2024-09-05T08:53:24.278 DEBUG C:\Users\Admin\Dev\createDocs\server\index.ts:28 Server has been started on port 3000

2024-09-06T08:20:59.156 DEBUG C:\Users\Admin\Dev\createDocs\server\index.ts:28 Server has been started on port 3000

2024-09-06T15:57:15.870 DEBUG C:\Users\Admin\Dev\createDocs\server\index.ts:28 Server has been started on port 3000

2024-09-10T08:56:04.084 DEBUG C:\Users\Admin\Dev\createDocs\server\index.ts:28 Server has been started on port 3000

2024-09-11T08:24:52.232 DEBUG C:\Users\Admin\Dev\createDocs\server\index.ts:28 Server has been started on port 3000

2024-09-11T13:04:11.930 DEBUG C:\Users\Admin\Dev\createDocs\server\index.ts:28 Server has been started on port 3000

2024-09-11T14:03:37.009 DEBUG C:\Users\Admin\Dev\createDocs\server\index.ts:28 Server has been started on port 3000

2024-09-11T14:06:07.663 DEBUG C:\Users\Admin\Dev\createDocs\server\index.ts:28 Server has been started on port 3000

2024-09-11T14:20:08.275 DEBUG C:\Users\Admin\Dev\createDocs\server\index.ts:28 Server has been started on port 3000

2024-09-11T14:38:36.896 DEBUG C:\Users\Admin\Dev\createDocs\server\index.ts:28 Server has been started on port 3000

2024-09-11T15:06:38.244 DEBUG C:\Users\Admin\Dev\createDocs\server\index.ts:28 Server has been started on port 3000

2024-09-11T15:09:32.021 DEBUG C:\Users\Admin\Dev\createDocs\server\index.ts:28 Server has been started on port 3000

2024-09-11T15:16:14.301 DEBUG C:\Users\Admin\Dev\createDocs\server\index.ts:28 Server has been started on port 3000

2024-09-11T15:27:17.978 DEBUG C:\Users\Admin\Dev\createDocs\server\index.ts:28 Server has been started on port 3000

2024-09-13T15:55:41.987 DEBUG C:\Users\Admin\Dev\createDocs\server\index.ts:28 Server has been started on port 3000

2024-09-18T08:28:04.863 DEBUG C:\Users\Admin\Dev\createDocs\server\index.ts:28 Server has been started on port 3000

2024-09-18T11:56:31.398 DEBUG C:\Users\Admin\Dev\createDocs\server\index.ts:28 Server has been started on port 3000

2024-09-19T16:18:06.912 DEBUG C:\Users\Admin\Dev\createDocs\server\index.ts:28 Server has been started on port 3000

2024-09-20T14:26:42.371 DEBUG C:\Users\Admin\Dev\createDocs\server\index.ts:28 Server has been started on port 3000

2024-09-23T08:57:07.313 DEBUG C:\Users\Admin\Dev\createDocs\server\index.ts:28 Server has been started on port 3000

2024-10-04T10:33:30.759 DEBUG C:\Users\Admin\Dev\createDocs\server\index.ts:28 Server has been started on port 3000

2024-10-08T08:51:51.307 DEBUG C:\Users\Admin\Dev\createDocs\server\index.ts:34 Server has been started on port 3000

2024-10-08T09:19:53.770 DEBUG C:\Users\Admin\Dev\createDocs\server\index.ts:34 Server has been started on port 3000

2024-10-08T09:20:45.304 DEBUG C:\Users\Admin\Dev\createDocs\server\index.ts:34 Server has been started on port 3000

2024-10-08T09:22:55.436 DEBUG C:\Users\Admin\Dev\createDocs\server\index.ts:34 Server has been started on port 3000

2024-10-08T09:23:28.514 DEBUG C:\Users\Admin\Dev\createDocs\server\index.ts:34 Server has been started on port 3000

2024-10-08T09:24:18.086 DEBUG C:\Users\Admin\Dev\createDocs\server\index.ts:34 Server has been started on port 3000

2024-10-08T09:25:52.897 DEBUG C:\Users\Admin\Dev\createDocs\server\index.ts:34 Server has been started on port 3000

2024-10-08T09:26:05.823 DEBUG C:\Users\Admin\Dev\createDocs\server\index.ts:34 Server has been started on port 3000

2024-10-08T09:26:57.155 DEBUG C:\Users\Admin\Dev\createDocs\server\index.ts:34 Server has been started on port 3000

2024-10-08T09:27:36.195 DEBUG C:\Users\Admin\Dev\createDocs\server\index.ts:35 Server has been started on port 3000

2024-10-08T09:27:57.856 DEBUG C:\Users\Admin\Dev\createDocs\server\index.ts:35 Server has been started on port 3000

2024-10-08T09:29:03.453 DEBUG C:\Users\Admin\Dev\createDocs\server\index.ts:35 Server has been started on port 3000

2024-10-08T09:29:42.142 DEBUG C:\Users\Admin\Dev\createDocs\server\index.ts:35 Server has been started on port 3000

2024-10-08T09:35:36.083 DEBUG C:\Users\Admin\Dev\createDocs\server\index.ts:35 Server has been started on port 3000

2024-10-08T09:37:45.753 DEBUG C:\Users\Admin\Dev\createDocs\server\index.ts:35 Server has been started on port 3000

2024-10-08T09:37:52.863 DEBUG C:\Users\Admin\Dev\createDocs\server\index.ts:35 Server has been started on port 3000

2024-10-08T09:38:26.570 DEBUG C:\Users\Admin\Dev\createDocs\server\index.ts:35 Server has been started on port 3000

2024-10-08T09:38:34.699 DEBUG C:\Users\Admin\Dev\createDocs\server\index.ts:35 Server has been started on port 3000

2024-10-08T09:39:13.419 DEBUG C:\Users\Admin\Dev\createDocs\server\index.ts:35 Server has been started on port 3000

2024-10-08T09:39:22.970 DEBUG C:\Users\Admin\Dev\createDocs\server\index.ts:35 Server has been started on port 3000

2024-10-08T09:41:31.417 DEBUG C:\Users\Admin\Dev\createDocs\server\index.ts:35 Server has been started on port 3000

2024-10-08T09:42:13.961 DEBUG C:\Users\Admin\Dev\createDocs\server\index.ts:35 Server has been started on port 3000

2024-10-08T09:42:32.343 DEBUG C:\Users\Admin\Dev\createDocs\server\index.ts:35 Server has been started on port 3000

2024-10-08T09:45:18.013 DEBUG C:\Users\Admin\Dev\createDocs\server\index.ts:35 Server has been started on port 3000

2024-10-08T09:45:50.440 DEBUG C:\Users\Admin\Dev\createDocs\server\index.ts:35 Server has been started on port 3000

2024-10-08T09:46:06.263 DEBUG C:\Users\Admin\Dev\createDocs\server\index.ts:35 Server has been started on port 3000

2024-10-08T09:47:03.305 DEBUG C:\Users\Admin\Dev\createDocs\server\index.ts:35 Server has been started on port 3000

2024-10-08T10:00:49.283 DEBUG C:\Users\Admin\Dev\createDocs\server\index.ts:35 Server has been started on port 3000

2024-10-08T10:02:56.140 DEBUG C:\Users\Admin\Dev\createDocs\server\index.ts:35 Server has been started on port 3000

2024-10-08T10:03:03.226 DEBUG C:\Users\Admin\Dev\createDocs\server\index.ts:35 Server has been started on port 3000

2024-10-08T10:22:52.824 DEBUG C:\Users\Admin\Dev\createDocs\server\index.ts:35 Server has been started on port 3000

2024-10-08T10:23:24.128 DEBUG C:\Users\Admin\Dev\createDocs\server\index.ts:35 Server has been started on port 3000

2024-10-08T10:23:43.169 DEBUG C:\Users\Admin\Dev\createDocs\server\index.ts:35 Server has been started on port 3000

2024-10-08T10:24:27.384 DEBUG C:\Users\Admin\Dev\createDocs\server\index.ts:35 Server has been started on port 3000

2024-10-08T10:25:33.514 DEBUG C:\Users\Admin\Dev\createDocs\server\index.ts:35 Server has been started on port 3000

2024-10-08T10:27:47.980 DEBUG C:\Users\Admin\Dev\createDocs\server\index.ts:35 Server has been started on port 3000

2024-10-08T10:28:32.768 DEBUG C:\Users\Admin\Dev\createDocs\server\index.ts:35 Server has been started on port 3000

2024-10-08T10:28:45.489 DEBUG C:\Users\Admin\Dev\createDocs\server\index.ts:35 Server has been started on port 3000

2024-10-08T10:29:43.460 DEBUG C:\Users\Admin\Dev\createDocs\server\index.ts:35 Server has been started on port 3000

2024-10-08T10:29:58.528 DEBUG C:\Users\Admin\Dev\createDocs\server\index.ts:35 Server has been started on port 3000

2024-10-08T10:31:08.353 DEBUG C:\Users\Admin\Dev\createDocs\server\index.ts:35 Server has been started on port 3000

2024-10-08T10:31:30.821 DEBUG C:\Users\Admin\Dev\createDocs\server\index.ts:35 Server has been started on port 3000

2024-10-08T10:31:47.156 DEBUG C:\Users\Admin\Dev\createDocs\server\index.ts:35 Server has been started on port 3000

2024-10-08T10:32:06.691 DEBUG C:\Users\Admin\Dev\createDocs\server\index.ts:35 Server has been started on port 3000

2024-10-08T10:32:51.176 DEBUG C:\Users\Admin\Dev\createDocs\server\index.ts:35 Server has been started on port 3000

2024-10-08T10:32:55.541 DEBUG C:\Users\Admin\Dev\createDocs\server\index.ts:35 Server has been started on port 3000

2024-10-08T10:33:28.104 DEBUG C:\Users\Admin\Dev\createDocs\server\index.ts:35 Server has been started on port 3000

2024-10-08T10:35:39.023 DEBUG C:\Users\Admin\Dev\createDocs\server\index.ts:35 Server has been started on port 3000

2024-10-08T10:37:15.781 DEBUG C:\Users\Admin\Dev\createDocs\server\index.ts:35 Server has been started on port 3000

2024-10-08T10:39:44.336 DEBUG C:\Users\Admin\Dev\createDocs\server\index.ts:35 Server has been started on port 3000

2024-10-08T10:41:02.982 DEBUG C:\Users\Admin\Dev\createDocs\server\index.ts:35 Server has been started on port 3000

2024-10-08T10:41:37.248 DEBUG C:\Users\Admin\Dev\createDocs\server\index.ts:35 Server has been started on port 3000

2024-10-08T10:42:10.859 DEBUG C:\Users\Admin\Dev\createDocs\server\index.ts:35 Server has been started on port 3000

2024-10-08T10:51:27.289 DEBUG C:\Users\Admin\Dev\createDocs\server\index.ts:35 Server has been started on port 3000

2024-10-08T10:51:52.350 DEBUG C:\Users\Admin\Dev\createDocs\server\index.ts:35 Server has been started on port 3000

2024-10-08T10:52:15.554 DEBUG C:\Users\Admin\Dev\createDocs\server\index.ts:35 Server has been started on port 3000

2024-10-08T10:55:50.842 DEBUG C:\Users\Admin\Dev\createDocs\server\index.ts:35 Server has been started on port 3000

2024-10-08T10:56:44.541 DEBUG C:\Users\Admin\Dev\createDocs\server\index.ts:35 Server has been started on port 3000

2024-10-08T10:57:17.315 DEBUG C:\Users\Admin\Dev\createDocs\server\index.ts:35 Server has been started on port 3000

2024-10-08T10:57:37.694 DEBUG C:\Users\Admin\Dev\createDocs\server\index.ts:35 Server has been started on port 3000

2024-10-08T10:58:39.493 DEBUG C:\Users\Admin\Dev\createDocs\server\index.ts:35 Server has been started on port 3000

2024-10-08T10:59:08.090 DEBUG C:\Users\Admin\Dev\createDocs\server\index.ts:35 Server has been started on port 3000

2024-10-08T10:59:35.144 DEBUG C:\Users\Admin\Dev\createDocs\server\index.ts:35 Server has been started on port 3000

2024-10-08T10:59:56.539 DEBUG C:\Users\Admin\Dev\createDocs\server\index.ts:35 Server has been started on port 3000

2024-10-08T11:00:31.783 DEBUG C:\Users\Admin\Dev\createDocs\server\index.ts:35 Server has been started on port 3000

2024-10-08T13:59:16.629 DEBUG C:\Users\Admin\Dev\createDocs\server\index.ts:35 Server has been started on port 3000

2024-10-08T14:01:17.606 DEBUG C:\Users\Admin\Dev\createDocs\server\index.ts:35 Server has been started on port 3000

